<?xml version="1.0" encoding="UTF-8"?>
<testsuite name="io.github.ericdriggs.reportcard.xml.junit.JunitUnmarshallTest" tests="1" skipped="0" failures="0" errors="0" timestamp="2023-01-27T17:03:31" hostname="MAC-W43G39" time="0.04">
  <properties/>
  <testcase name="unmarshallXml()" classname="io.github.ericdriggs.reportcard.xml.junit.JunitUnmarshallTest" time="0.04"/>
  <system-out><![CDATA[]]></system-out>
  <system-err><![CDATA[]]></system-err>
</testsuite>
