<?xml version="1.0" encoding="UTF-8"?>
<testsuite name="io.github.ericdriggs.file.FileUtilsTest" tests="2" skipped="0" failures="0" errors="0" timestamp="2023-01-27T17:03:31" hostname="MAC-W43G39" time="0.016">
  <properties/>
  <testcase name="findFilesTest()" classname="io.github.ericdriggs.file.FileUtilsTest" time="0.013"/>
  <testcase name="readFilesTest()" classname="io.github.ericdriggs.file.FileUtilsTest" time="0.002"/>
  <system-out><![CDATA[]]></system-out>
  <system-err><![CDATA[]]></system-err>
</testsuite>
