<?xml version="1.0" encoding="UTF-8"?>
<testsuite name="io.github.ericdriggs.reportcard.model.ResultParserUtilTest" tests="2" skipped="0" failures="0" errors="0" timestamp="2023-01-27T17:03:31" hostname="MAC-W43G39" time="0.377">
  <properties/>
  <testcase name="resultTest()" classname="io.github.ericdriggs.reportcard.model.ResultParserUtilTest" time="0.376"/>
  <testcase name="invalidPathTest()" classname="io.github.ericdriggs.reportcard.model.ResultParserUtilTest" time="0.001"/>
  <system-out><![CDATA[]]></system-out>
  <system-err><![CDATA[]]></system-err>
</testsuite>
