<?xml version="1.0" encoding="UTF-8"?>
<testsuite name="io.github.ericdriggs.file.FileUtilsTest" tests="2" skipped="0" failures="0" errors="0" timestamp="2023-01-27T17:03:31" hostname="MAC-W43G39" time="0.016">
  <properties/>
  <testcase name="findFilesTest()" classname="io.github.ericdriggs.file.FileUtilsTest" time="0.013">
    <system-out><![CDATA[ findFilesTest() system-out sample ]]></system-out>
    <system-err><![CDATA[ findFilesTest() system-err sample ]]></system-err>
    <assertions><![CDATA[ findFilesTest() assertions sample ]]></assertions>
  </testcase>
  <testcase name="readFilesTest()" classname="io.github.ericdriggs.file.FileUtilsTest" time="0.002">
    <system-out><![CDATA[ readFilesTest() system-out sample ]]></system-out>
    <system-err><![CDATA[ readFilesTest() system-err sample ]]></system-err>
    <assertions><![CDATA[ readFilesTest() assertions sample ]]></assertions>
  </testcase>

  <system-out><![CDATA[ io.github.ericdriggs.file.FileUtilsTest system-out sample ]]></system-out>
  <system-err><![CDATA[ io.github.ericdriggs.file.FileUtilsTest system-err sample ]]></system-err>
</testsuite>
